{
  "stats": {
    "suites": 0,
    "tests": 1,
    "passes": 1,
    "pending": 0,
    "failures": 0,
    "start": "2022-04-08T17:18:15.388Z",
    "end": "2022-04-08T17:18:19.713Z",
    "duration": 4325,
    "testsRegistered": 1,
    "passPercent": 100,
    "pendingPercent": 0,
    "other": 0,
    "hasOther": false,
    "skipped": 0,
    "hasSkipped": false
  },
  "results": [
    {
      "uuid": "30e82bf5-02fc-4829-ae10-45a14706d490",
      "title": "",
      "fullFile": "cypress/integration/assertions.ts",
      "file": "cypress/integration/assertions.ts",
      "beforeHooks": [],
      "afterHooks": [],
      "tests": [
        {
          "title": "learning assertions",
          "fullTitle": "learning assertions",
          "timedOut": null,
          "duration": 1382,
          "state": "passed",
          "speed": "fast",
          "pass": true,
          "fail": false,
          "pending": false,
          "context": null,
          "code": "cy.visit('https://example.cypress.io/');\ncy.contains('get').click();\ncy.get('#query-btn', { timeout: 6000 })\n    .should('contain', 'Button')\n    .should('have.class', 'query-btn')\n    .should('be.visible')\n    .should('be.enabled');\ncy.get('#query-btn', { timeout: 6000 })\n    .invoke('attr', 'id')\n    .should('equal', 'query-btn');\ncy.get('#query-btn', { timeout: 6000 })\n    .should('contain', 'Button')\n    .and('have.class', 'query-btn');\n//Explicit assertions\n//expect\nexpect(true).to.be.true;\nlet name = 'Rezwan';\nexpect(name).to.be.equal('Rezwan');\n//assert\nassert.equal(4, 4, 'Not equal');\nassert.strictEqual(4, 4, 'Not strictly equal');",
          "err": {},
          "uuid": "06e98dfc-ac31-4504-b199-5c2961315ea0",
          "parentUUID": "30e82bf5-02fc-4829-ae10-45a14706d490",
          "isHook": false,
          "skipped": false
        }
      ],
      "suites": [],
      "passes": [
        "06e98dfc-ac31-4504-b199-5c2961315ea0"
      ],
      "failures": [],
      "pending": [],
      "skipped": [],
      "duration": 1382,
      "root": true,
      "rootEmpty": false,
      "_timeout": 2000
    }
  ],
  "meta": {
    "mocha": {
      "version": "7.0.1"
    },
    "mochawesome": {
      "options": {
        "quiet": false,
        "reportFilename": "mochawesome",
        "saveHtml": false,
        "saveJson": true,
        "consoleReporter": "spec",
        "useInlineDiffs": false,
        "code": true
      },
      "version": "7.1.3"
    },
    "marge": {
      "options": {
        "charts": true,
        "overwrite": false,
        "html": false,
        "json": true,
        "reportDir": "cypress/report/mochawesome-report"
      },
      "version": "6.2.0"
    }
  }
}