{
  "stats": {
    "suites": 1,
    "tests": 3,
    "passes": 3,
    "pending": 0,
    "failures": 0,
    "start": "2022-04-11T17:51:10.021Z",
    "end": "2022-04-11T17:51:13.526Z",
    "duration": 3505,
    "testsRegistered": 3,
    "passPercent": 100,
    "pendingPercent": 0,
    "other": 0,
    "hasOther": false,
    "skipped": 0,
    "hasSkipped": false
  },
  "results": [
    {
      "uuid": "69a00b35-b727-421b-9341-203dc27781cd",
      "title": "",
      "fullFile": "cypress/integration/login.ts",
      "file": "cypress/integration/login.ts",
      "beforeHooks": [],
      "afterHooks": [],
      "tests": [],
      "suites": [
        {
          "uuid": "89422ed7-a203-48f4-b29b-15d6edd16684",
          "title": "all login tests",
          "fullFile": "",
          "file": "",
          "beforeHooks": [],
          "afterHooks": [],
          "tests": [
            {
              "title": "login with valid credentials",
              "fullTitle": "all login tests login with valid credentials",
              "timedOut": null,
              "duration": 1050,
              "state": "passed",
              "speed": "fast",
              "pass": true,
              "fail": false,
              "pending": false,
              "context": null,
              "code": "loginPage.enterUsername('test');\nloginPage.enterPassword('test');\nloginPage.clickLogin();\ncy.contains('Login Successful');\ncy.contains('here').click();",
              "err": {},
              "uuid": "b96328ff-182b-4c88-bca1-a86f7f2b5d34",
              "parentUUID": "89422ed7-a203-48f4-b29b-15d6edd16684",
              "isHook": false,
              "skipped": false
            },
            {
              "title": "login with invalid username",
              "fullTitle": "all login tests login with invalid username",
              "timedOut": null,
              "duration": 676,
              "state": "passed",
              "speed": "fast",
              "pass": true,
              "fail": false,
              "pending": false,
              "context": null,
              "code": "loginPage.enterUsername('test123');\nloginPage.enterPassword('test');\nloginPage.clickLogin();\ncy.on('window:alert', (txt) => {\n    expect(txt).to.be.equal('Wrong Credentials! Try again!');\n});",
              "err": {},
              "uuid": "eb456600-ce64-43db-a927-ac5fab9f5eef",
              "parentUUID": "89422ed7-a203-48f4-b29b-15d6edd16684",
              "isHook": false,
              "skipped": false
            },
            {
              "title": "login with invalid password",
              "fullTitle": "all login tests login with invalid password",
              "timedOut": null,
              "duration": 674,
              "state": "passed",
              "speed": "fast",
              "pass": true,
              "fail": false,
              "pending": false,
              "context": null,
              "code": "loginPage.enterUsername('test');\nloginPage.enterPassword('test456');\nloginPage.clickLogin();\ncy.on('window:alert', (txt) => {\n    expect(txt).to.be.equal('Wrong Credentials! Try again!');\n});",
              "err": {},
              "uuid": "a6254a80-ba64-4afb-b993-daf60c8e10f4",
              "parentUUID": "89422ed7-a203-48f4-b29b-15d6edd16684",
              "isHook": false,
              "skipped": false
            }
          ],
          "suites": [],
          "passes": [
            "b96328ff-182b-4c88-bca1-a86f7f2b5d34",
            "eb456600-ce64-43db-a927-ac5fab9f5eef",
            "a6254a80-ba64-4afb-b993-daf60c8e10f4"
          ],
          "failures": [],
          "pending": [],
          "skipped": [],
          "duration": 2400,
          "root": false,
          "rootEmpty": false,
          "_timeout": 2000
        }
      ],
      "passes": [],
      "failures": [],
      "pending": [],
      "skipped": [],
      "duration": 0,
      "root": true,
      "rootEmpty": true,
      "_timeout": 2000
    }
  ],
  "meta": {
    "mocha": {
      "version": "7.0.1"
    },
    "mochawesome": {
      "options": {
        "quiet": false,
        "reportFilename": "mochawesome",
        "saveHtml": false,
        "saveJson": true,
        "consoleReporter": "spec",
        "useInlineDiffs": false,
        "code": true
      },
      "version": "7.1.3"
    },
    "marge": {
      "options": {
        "charts": true,
        "overwrite": false,
        "html": false,
        "json": true,
        "reportDir": "cypress/report/mochawesome-report"
      },
      "version": "6.2.0"
    }
  }
}