{
  "stats": {
    "suites": 1,
    "tests": 3,
    "passes": 3,
    "pending": 0,
    "failures": 0,
    "start": "2022-04-11T17:51:29.455Z",
    "end": "2022-04-11T17:51:29.564Z",
    "duration": 109,
    "testsRegistered": 3,
    "passPercent": 100,
    "pendingPercent": 0,
    "other": 0,
    "hasOther": false,
    "skipped": 0,
    "hasSkipped": false
  },
  "results": [
    {
      "uuid": "cfa5b169-6fc8-4e96-b652-9f0367c1985d",
      "title": "",
      "fullFile": "cypress/integration/readwritefile.spec.ts",
      "file": "cypress/integration/readwritefile.spec.ts",
      "beforeHooks": [],
      "afterHooks": [],
      "tests": [],
      "suites": [
        {
          "uuid": "1a0c119f-699b-44ed-9cc4-8f4ec3541554",
          "title": "read write file tests",
          "fullFile": "",
          "file": "",
          "beforeHooks": [],
          "afterHooks": [],
          "tests": [
            {
              "title": "read file using fixture",
              "fullTitle": "read write file tests read file using fixture",
              "timedOut": null,
              "duration": 46,
              "state": "passed",
              "speed": "fast",
              "pass": true,
              "fail": false,
              "pending": false,
              "context": null,
              "code": "cy.fixture('example.json')\n    .its('name').should('eq', 'cypress');\ncy.log(this.data.name);\ncy.log(this.data.email);\ncy.log(this.data.body);",
              "err": {},
              "uuid": "3e3dd4cf-4dd4-4012-a18c-a449ba1f168c",
              "parentUUID": "1a0c119f-699b-44ed-9cc4-8f4ec3541554",
              "isHook": false,
              "skipped": false
            },
            {
              "title": "read file",
              "fullTitle": "read write file tests read file",
              "timedOut": null,
              "duration": 20,
              "state": "passed",
              "speed": "fast",
              "pass": true,
              "fail": false,
              "pending": false,
              "context": null,
              "code": "cy.readFile('./cypress/fixtures/example.json')\n    .its('name').should('eq', 'cypress');",
              "err": {},
              "uuid": "f1bf4a6f-6ed7-4945-bc7a-381349170d8c",
              "parentUUID": "1a0c119f-699b-44ed-9cc4-8f4ec3541554",
              "isHook": false,
              "skipped": false
            },
            {
              "title": "write file",
              "fullTitle": "read write file tests write file",
              "timedOut": null,
              "duration": 24,
              "state": "passed",
              "speed": "fast",
              "pass": true,
              "fail": false,
              "pending": false,
              "context": null,
              "code": "cy.writeFile('sample.txt', 'Hello, we are learning Cypress.');\ncy.writeFile('sample.txt', '\\nHi! I am Rezwan.', { flag: 'a+' });\ncy.readFile('sample.txt')\n    .should('contain', 'Cypress');",
              "err": {},
              "uuid": "4b71cf54-a970-47ce-a368-efc4301ad2d6",
              "parentUUID": "1a0c119f-699b-44ed-9cc4-8f4ec3541554",
              "isHook": false,
              "skipped": false
            }
          ],
          "suites": [],
          "passes": [
            "3e3dd4cf-4dd4-4012-a18c-a449ba1f168c",
            "f1bf4a6f-6ed7-4945-bc7a-381349170d8c",
            "4b71cf54-a970-47ce-a368-efc4301ad2d6"
          ],
          "failures": [],
          "pending": [],
          "skipped": [],
          "duration": 90,
          "root": false,
          "rootEmpty": false,
          "_timeout": 2000
        }
      ],
      "passes": [],
      "failures": [],
      "pending": [],
      "skipped": [],
      "duration": 0,
      "root": true,
      "rootEmpty": true,
      "_timeout": 2000
    }
  ],
  "meta": {
    "mocha": {
      "version": "7.0.1"
    },
    "mochawesome": {
      "options": {
        "quiet": false,
        "reportFilename": "mochawesome",
        "saveHtml": false,
        "saveJson": true,
        "consoleReporter": "spec",
        "useInlineDiffs": false,
        "code": true
      },
      "version": "7.1.3"
    },
    "marge": {
      "options": {
        "charts": true,
        "overwrite": false,
        "html": false,
        "json": true,
        "reportDir": "cypress/report/mochawesome-report"
      },
      "version": "6.2.0"
    }
  }
}