{
  "stats": {
    "suites": 1,
    "tests": 1,
    "passes": 1,
    "pending": 0,
    "failures": 0,
    "start": "2022-04-08T17:18:34.900Z",
    "end": "2022-04-08T17:18:35.872Z",
    "duration": 972,
    "testsRegistered": 1,
    "passPercent": 100,
    "pendingPercent": 0,
    "other": 0,
    "hasOther": false,
    "skipped": 0,
    "hasSkipped": false
  },
  "results": [
    {
      "uuid": "d046c3cc-9c7b-4048-a1a7-95cab4b788d3",
      "title": "",
      "fullFile": "cypress/integration/filedownload.spec.ts",
      "file": "cypress/integration/filedownload.spec.ts",
      "beforeHooks": [],
      "afterHooks": [],
      "tests": [],
      "suites": [
        {
          "uuid": "74ce3322-56b7-4004-8142-81d62d43a6c4",
          "title": "file download test",
          "fullFile": "",
          "file": "",
          "beforeHooks": [],
          "afterHooks": [],
          "tests": [
            {
              "title": "file download demo",
              "fullTitle": "file download test file download demo",
              "timedOut": null,
              "duration": 964,
              "state": "passed",
              "speed": "fast",
              "pass": true,
              "fail": false,
              "pending": false,
              "context": null,
              "code": "cy.downloadFile('https://upload.wikimedia.org/wikipedia/en/a/a9/Example.jpg', 'mydownloads', 'sample.jpg');",
              "err": {},
              "uuid": "65f7ab08-d520-4da3-a60a-d2fb86cd3ed5",
              "parentUUID": "74ce3322-56b7-4004-8142-81d62d43a6c4",
              "isHook": false,
              "skipped": false
            }
          ],
          "suites": [],
          "passes": [
            "65f7ab08-d520-4da3-a60a-d2fb86cd3ed5"
          ],
          "failures": [],
          "pending": [],
          "skipped": [],
          "duration": 964,
          "root": false,
          "rootEmpty": false,
          "_timeout": 2000
        }
      ],
      "passes": [],
      "failures": [],
      "pending": [],
      "skipped": [],
      "duration": 0,
      "root": true,
      "rootEmpty": true,
      "_timeout": 2000
    }
  ],
  "meta": {
    "mocha": {
      "version": "7.0.1"
    },
    "mochawesome": {
      "options": {
        "quiet": false,
        "reportFilename": "mochawesome",
        "saveHtml": false,
        "saveJson": true,
        "consoleReporter": "spec",
        "useInlineDiffs": false,
        "code": true
      },
      "version": "7.1.3"
    },
    "marge": {
      "options": {
        "charts": true,
        "overwrite": false,
        "html": false,
        "json": true,
        "reportDir": "cypress/report/mochawesome-report"
      },
      "version": "6.2.0"
    }
  }
}