{
  "stats": {
    "suites": 1,
    "tests": 3,
    "passes": 3,
    "pending": 0,
    "failures": 0,
    "start": "2022-04-08T17:18:45.377Z",
    "end": "2022-04-08T17:18:50.232Z",
    "duration": 4855,
    "testsRegistered": 3,
    "passPercent": 100,
    "pendingPercent": 0,
    "other": 0,
    "hasOther": false,
    "skipped": 0,
    "hasSkipped": false
  },
  "results": [
    {
      "uuid": "891149da-95b6-4230-8952-368d4bc64a5f",
      "title": "",
      "fullFile": "cypress/integration/login.ts",
      "file": "cypress/integration/login.ts",
      "beforeHooks": [],
      "afterHooks": [],
      "tests": [],
      "suites": [
        {
          "uuid": "583f6c60-d433-4317-88ee-73a00fc908fa",
          "title": "all login tests",
          "fullFile": "",
          "file": "",
          "beforeHooks": [],
          "afterHooks": [],
          "tests": [
            {
              "title": "login with valid credentials",
              "fullTitle": "all login tests login with valid credentials",
              "timedOut": null,
              "duration": 955,
              "state": "passed",
              "speed": "fast",
              "pass": true,
              "fail": false,
              "pending": false,
              "context": null,
              "code": "loginPage.enterUsername('test');\nloginPage.enterPassword('test');\nloginPage.clickLogin();\ncy.contains('Login Successful');\ncy.contains('here').click();",
              "err": {},
              "uuid": "a9a6557d-38cc-4038-8496-6dc1f670450a",
              "parentUUID": "583f6c60-d433-4317-88ee-73a00fc908fa",
              "isHook": false,
              "skipped": false
            },
            {
              "title": "login with invalid username",
              "fullTitle": "all login tests login with invalid username",
              "timedOut": null,
              "duration": 646,
              "state": "passed",
              "speed": "fast",
              "pass": true,
              "fail": false,
              "pending": false,
              "context": null,
              "code": "loginPage.enterUsername('test123');\nloginPage.enterPassword('test');\nloginPage.clickLogin();\ncy.on('window:alert', (txt) => {\n    expect(txt).to.be.equal('Wrong Credentials! Try again!');\n});",
              "err": {},
              "uuid": "509f6173-fcd8-484e-8f95-9bde3cb85b32",
              "parentUUID": "583f6c60-d433-4317-88ee-73a00fc908fa",
              "isHook": false,
              "skipped": false
            },
            {
              "title": "login with invalid password",
              "fullTitle": "all login tests login with invalid password",
              "timedOut": null,
              "duration": 655,
              "state": "passed",
              "speed": "fast",
              "pass": true,
              "fail": false,
              "pending": false,
              "context": null,
              "code": "loginPage.enterUsername('test');\nloginPage.enterPassword('test456');\nloginPage.clickLogin();\ncy.on('window:alert', (txt) => {\n    expect(txt).to.be.equal('Wrong Credentials! Try again!');\n});",
              "err": {},
              "uuid": "e1943ad6-e7cc-4a21-98ed-9cae7246faaf",
              "parentUUID": "583f6c60-d433-4317-88ee-73a00fc908fa",
              "isHook": false,
              "skipped": false
            }
          ],
          "suites": [],
          "passes": [
            "a9a6557d-38cc-4038-8496-6dc1f670450a",
            "509f6173-fcd8-484e-8f95-9bde3cb85b32",
            "e1943ad6-e7cc-4a21-98ed-9cae7246faaf"
          ],
          "failures": [],
          "pending": [],
          "skipped": [],
          "duration": 2256,
          "root": false,
          "rootEmpty": false,
          "_timeout": 2000
        }
      ],
      "passes": [],
      "failures": [],
      "pending": [],
      "skipped": [],
      "duration": 0,
      "root": true,
      "rootEmpty": true,
      "_timeout": 2000
    }
  ],
  "meta": {
    "mocha": {
      "version": "7.0.1"
    },
    "mochawesome": {
      "options": {
        "quiet": false,
        "reportFilename": "mochawesome",
        "saveHtml": false,
        "saveJson": true,
        "consoleReporter": "spec",
        "useInlineDiffs": false,
        "code": true
      },
      "version": "7.1.3"
    },
    "marge": {
      "options": {
        "charts": true,
        "overwrite": false,
        "html": false,
        "json": true,
        "reportDir": "cypress/report/mochawesome-report"
      },
      "version": "6.2.0"
    }
  }
}