{
  "stats": {
    "suites": 0,
    "tests": 1,
    "passes": 1,
    "pending": 0,
    "failures": 0,
    "start": "2022-04-11T17:51:18.071Z",
    "end": "2022-04-11T17:51:24.683Z",
    "duration": 6612,
    "testsRegistered": 1,
    "passPercent": 100,
    "pendingPercent": 0,
    "other": 0,
    "hasOther": false,
    "skipped": 0,
    "hasSkipped": false
  },
  "results": [
    {
      "uuid": "8134f427-2619-4ac2-a48c-778e5b86da4b",
      "title": "",
      "fullFile": "cypress/integration/my_first_test.js",
      "file": "cypress/integration/my_first_test.js",
      "beforeHooks": [],
      "afterHooks": [],
      "tests": [
        {
          "title": "login test",
          "fullTitle": "login test",
          "timedOut": null,
          "duration": 5215,
          "state": "passed",
          "speed": "medium",
          "pass": true,
          "fail": false,
          "pending": false,
          "context": null,
          "code": "//To visit the URL\ncy.visit('https://opensource-demo.orangehrmlive.com/'); //To login using valid credential\ncy.get('#txtUsername').type('Admin');\ncy.get('#txtPassword').type('admin123');\ncy.get('.button').click(); //Admin\ncy.get('.main-menu-first-level-list-item').contains('Admin').click(); //Mouse hover on User Management >> Click Users\ncy.get('.selected').contains('User Management').trigger('mouseover', {\n  force: true\n});\ncy.get('.selected').contains('Users').click({\n  force: true\n}); //Add user & click Save\ncy.get('.inner').find('#btnAdd').click();\ncy.get('.inner').find('#btnSave').click();",
          "err": {},
          "uuid": "b64243ea-5c99-472c-8629-6915ec9d72fe",
          "parentUUID": "8134f427-2619-4ac2-a48c-778e5b86da4b",
          "isHook": false,
          "skipped": false
        }
      ],
      "suites": [],
      "passes": [
        "b64243ea-5c99-472c-8629-6915ec9d72fe"
      ],
      "failures": [],
      "pending": [],
      "skipped": [],
      "duration": 5215,
      "root": true,
      "rootEmpty": false,
      "_timeout": 2000
    }
  ],
  "meta": {
    "mocha": {
      "version": "7.0.1"
    },
    "mochawesome": {
      "options": {
        "quiet": false,
        "reportFilename": "mochawesome",
        "saveHtml": false,
        "saveJson": true,
        "consoleReporter": "spec",
        "useInlineDiffs": false,
        "code": true
      },
      "version": "7.1.3"
    },
    "marge": {
      "options": {
        "charts": true,
        "overwrite": false,
        "html": false,
        "json": true,
        "reportDir": "cypress/report/mochawesome-report"
      },
      "version": "6.2.0"
    }
  }
}